Arguments: 
  /Users/chenjingfeng/.nvm/versions/node/v15.14.0/bin/node /usr/local/bin/yarn publish

PATH: 
  /usr/local/bin:/usr/bin:/bin:/usr/sbin:/sbin:/Applications/VMware Fusion.app/Contents/Public:/Library/Apple/usr/bin:/Users/chenjingfeng/.nvm/versions/node/v15.14.0/bin

Yarn version: 
  1.22.4

Node version: 
  15.14.0

Platform: 
  darwin x64

Trace: 
  Error: canceled
      at Interface.<anonymous> (/usr/local/lib/node_modules/yarn/lib/cli.js:137008:13)
      at Interface.emit (node:events:369:20)
      at Interface._ttyWrite (node:readline:999:16)
      at ReadStream.onkeypress (node:readline:267:10)
      at ReadStream.emit (node:events:369:20)
      at emitKeys (node:internal/readline/utils:358:14)
      at emitKeys.next (<anonymous>)
      at ReadStream.onData (node:readline:1268:36)
      at ReadStream.emit (node:events:369:20)
      at addChunk (node:internal/streams/readable:313:12)

npm manifest: 
  {
    "name": "@chenxxx/json2class",
    "version": "0.0.2",
    "description": "json2class",
    "main": "lib/index.js",
    "scripts": {
      "build": "tsc",
      "test": "echo \"Error: no test specified\" && exit 1"
    },
    "keywords": [
      "json2class"
    ],
    "author": "https://github.com/cjfff",
    "repository": "https://github.com/cjfff/json2class",
    "license": "MIT",
    "dependencies": {},
    "devDependencies": {
      "@types/node": "^16.0.1"
    }
  }

yarn manifest: 
  No manifest

Lockfile: 
  # THIS IS AN AUTOGENERATED FILE. DO NOT EDIT THIS FILE DIRECTLY.
  # yarn lockfile v1
  
  
  "@types/node@^16.0.1":
    version "16.0.1"
    resolved "https://registry.npmjs.org/@types/node/-/node-16.0.1.tgz#70cedfda26af7a2ca073fdcc9beb2fff4aa693f8"
    integrity sha512-hBOx4SUlEPKwRi6PrXuTGw1z6lz0fjsibcWCM378YxsSu/6+C30L6CR49zIBKHiwNWCYIcOLjg4OHKZaFeLAug==
